\BOOKMARK [1][-]{Abstract.1}{Abstract}{}% 1
\BOOKMARK [1][-]{acknowledgments.1}{Acknowledgments}{}% 2
\BOOKMARK [1][-]{tableofcontents.1}{Contents}{}% 3
\BOOKMARK [1][-]{lof.1}{List of Figures}{}% 4
\BOOKMARK [1][-]{lot.1}{List of Tables}{}% 5
\BOOKMARK [0][]{chapter.1}{1 Introduction}{}% 6
\BOOKMARK [1][-]{section.1.1}{1.1 Background}{chapter.1}% 7
\BOOKMARK [1][-]{section.1.2}{1.2 Motivation}{chapter.1}% 8
\BOOKMARK [1][-]{section.1.3}{1.3 Outline}{chapter.1}% 9
\BOOKMARK [-1][]{part.1}{ Related work}{}% 10
\BOOKMARK [0][]{chapter.2}{2 Learning Analytics}{part.1}% 11
\BOOKMARK [0][]{chapter.3}{3 Activity tracking}{part.1}% 12
\BOOKMARK [0][]{chapter.4}{4 Dashboards}{part.1}% 13
\BOOKMARK [-1][]{part.2}{ Research methodology}{}% 14
\BOOKMARK [0][]{chapter.5}{5 Implementation}{part.2}% 15
\BOOKMARK [0][]{chapter.6}{6 Interviews}{part.2}% 16
\BOOKMARK [0][]{chapter.7}{7 Session tracking}{part.2}% 17
\BOOKMARK [1][-]{section.7.1}{7.1 Algorithm}{chapter.7}% 18
\BOOKMARK [1][-]{section.7.2}{7.2 Reading session}{chapter.7}% 19
\BOOKMARK [1][-]{section.7.3}{7.3 Exercise session}{chapter.7}% 20
\BOOKMARK [0][]{chapter.8}{8 Dashboard}{part.2}% 21
\BOOKMARK [-1][]{part.3}{ Results}{}% 22
\BOOKMARK [0][]{chapter.9}{9 Results}{part.3}% 23
\BOOKMARK [1][-]{section.9.1}{9.1 Reading session experiments}{chapter.9}% 24
\BOOKMARK [2][-]{subsection.9.1.1}{9.1.1 Baseline}{section.9.1}% 25
\BOOKMARK [2][-]{subsection.9.1.2}{9.1.2 Improving the baseline}{section.9.1}% 26
\BOOKMARK [1][-]{section.9.2}{9.2 Exercise session experiments}{chapter.9}% 27
\BOOKMARK [1][-]{section.9.3}{9.3 Dashboard}{chapter.9}% 28
\BOOKMARK [-1][]{part.4}{ Discussion}{}% 29
\BOOKMARK [0][]{chapter.10}{10 Discussion}{part.4}% 30
\BOOKMARK [1][-]{section.10.1}{10.1 Reading session}{chapter.10}% 31
\BOOKMARK [1][-]{section.10.2}{10.2 Exercise session}{chapter.10}% 32
\BOOKMARK [1][-]{section.10.3}{10.3 Teacher dashboard}{chapter.10}% 33
\BOOKMARK [0][]{chapter.11}{11 Conclusion}{part.4}% 34
\BOOKMARK [0][]{chapter.12}{12 Future Work}{part.4}% 35
\BOOKMARK [-1][]{part.5}{ Appendix}{}% 36
\BOOKMARK [0][]{appendix.A}{A Interview A}{part.5}% 37
\BOOKMARK [0][]{appendix.B}{B Interview B}{part.5}% 38
\BOOKMARK [0][]{section*.17}{ Bibliography}{part.5}% 39
